  DSA-1 Assignment.cpp
C:\Users\crash\OneDrive - Abertay University\Y2T1\DSA-1\Assignment\DSA-1 Assignment\DSA-1 Assignment\DSA-1 Assignment.cpp(564,20): warning C4244: 'argument': conversion from 'Position' to '_Ty', possible loss of data
          with
          [
              _Ty=int
          ]
C:\Users\crash\OneDrive - Abertay University\Y2T1\DSA-1\Assignment\DSA-1 Assignment\DSA-1 Assignment\DSA-1 Assignment.cpp(568,23): warning C4018: '>': signed/unsigned mismatch
C:\Users\crash\OneDrive - Abertay University\Y2T1\DSA-1\Assignment\DSA-1 Assignment\DSA-1 Assignment\DSA-1 Assignment.cpp(582,17): warning C4244: '=': conversion from '_Rep' to 'int', possible loss of data
          with
          [
              _Rep=__int64
          ]
C:\Users\crash\OneDrive - Abertay University\Y2T1\DSA-1\Assignment\DSA-1 Assignment\DSA-1 Assignment\DSA-1 Assignment.cpp(583,18): warning C4244: '=': conversion from '_Rep' to 'int', possible loss of data
          with
          [
              _Rep=__int64
          ]
C:\Users\crash\OneDrive - Abertay University\Y2T1\DSA-1\Assignment\DSA-1 Assignment\DSA-1 Assignment\DSA-1 Assignment.cpp(82,34): warning C4244: 'argument': conversion from 'Position' to 'const unsigned int', possible loss of data
C:\Users\crash\OneDrive - Abertay University\Y2T1\DSA-1\Assignment\DSA-1 Assignment\DSA-1 Assignment\DSA-1 Assignment.cpp(542): message : see reference to function template instantiation 'Position bm_string_change<std::list<Position,std::allocator<Position>>>(T &,std::string &,std::string &)' being compiled
          with
          [
              T=std::list<Position,std::allocator<Position>>
          ]
C:\Users\crash\OneDrive - Abertay University\Y2T1\DSA-1\Assignment\DSA-1 Assignment\DSA-1 Assignment\DSA-1 Assignment.cpp(95,23): warning C4018: '<': signed/unsigned mismatch
C:\Users\crash\OneDrive - Abertay University\Y2T1\DSA-1\Assignment\DSA-1 Assignment\DSA-1 Assignment\DSA-1 Assignment.cpp(180,9): warning C4244: 'initializing': conversion from 'Position' to 'int', possible loss of data
C:\Users\crash\OneDrive - Abertay University\Y2T1\DSA-1\Assignment\DSA-1 Assignment\DSA-1 Assignment\DSA-1 Assignment.cpp(182,50): warning C4244: 'argument': conversion from 'Position' to 'const unsigned int', possible loss of data
C:\Users\crash\OneDrive - Abertay University\Y2T1\DSA-1\Assignment\DSA-1 Assignment\DSA-1 Assignment\DSA-1 Assignment.cpp(193,40): warning C4244: 'argument': conversion from 'Position' to 'const unsigned int', possible loss of data
C:\Users\crash\OneDrive - Abertay University\Y2T1\DSA-1\Assignment\DSA-1 Assignment\DSA-1 Assignment\DSA-1 Assignment.cpp(204,48): warning C4244: 'argument': conversion from 'Position' to 'const unsigned int', possible loss of data
C:\Users\crash\OneDrive - Abertay University\Y2T1\DSA-1\Assignment\DSA-1 Assignment\DSA-1 Assignment\DSA-1 Assignment.cpp(207,18): warning C4244: '=': conversion from 'Position' to 'int', possible loss of data
C:\Users\crash\OneDrive - Abertay University\Y2T1\DSA-1\Assignment\DSA-1 Assignment\DSA-1 Assignment\DSA-1 Assignment.cpp(363,12): warning C4244: 'argument': conversion from 'Position' to 'const unsigned int', possible loss of data
C:\Users\crash\OneDrive - Abertay University\Y2T1\DSA-1\Assignment\DSA-1 Assignment\DSA-1 Assignment\DSA-1 Assignment.cpp(551): message : see reference to function template instantiation 'Position kmp_string_change<std::list<Position,std::allocator<Position>>>(T &,std::string &,std::string &)' being compiled
          with
          [
              T=std::list<Position,std::allocator<Position>>
          ]
C:\Users\crash\OneDrive - Abertay University\Y2T1\DSA-1\Assignment\DSA-1 Assignment\DSA-1 Assignment\DSA-1 Assignment.cpp(365,15): warning C4244: 'initializing': conversion from 'Position' to 'int', possible loss of data
  Generating code
  1 of 591 functions ( 0.2%) were compiled, the rest were copied from previous compilation.
    0 functions were new in current compilation
    1 functions had inline decision re-evaluated but remain unchanged
  Finished generating code
  DSA-1 Assignment.vcxproj -> C:\Users\crash\OneDrive - Abertay University\Y2T1\DSA-1\Assignment\DSA-1 Assignment\Release\DSA-1 Assignment.exe
